2020-03-28 12:12:59 [error] Failed Connect User=lu,Password=woshizl9501,strDB=cpt,port=3306,socket=,Option=0., ThreadID: 21448, Timespan(ms): 3578, ResourceID: ELj004, SourceCode: D:\TeamCity\buildAgent9dTrunk\work\a44d173ca6a2775c\01_SourceCode\Src\MySQLCI\UGMyConnection.cpp(199)
2020-03-28 12:12:59 [error] 连接数据库失败，请检查连接参数, ThreadID: 21448, Timespan(ms): 0, ResourceID: ELf005, SourceCode: D:\TeamCity\buildAgent9dTrunk\work\a44d173ca6a2775c\01_SourceCode\Src\EngineMySQL\UGDataSourceMySQL.cpp(560)
2020-03-28 12:12:59 [error] 数据库连接失败，请检查数据源连接参数, ThreadID: 21448, Timespan(ms): 0, ResourceID: ELf002, SourceCode: D:\TeamCity\buildAgent9dTrunk\work\a44d173ca6a2775c\01_SourceCode\Src\EngineMySQL\UGDataSourceMySQL.cpp(209)
0-03-28 12:12:59 [error] Failed Connect User=lu,Password=woshizl9501,strDB=cpt,port=3306,socket=,Option=0., ThreadID: 21448, Timespan(ms): 3578, ResourceID: ELj004, SourceCode: D:\TeamCity\buildAgent9dTrunk\work\a44d173ca6a2775c\01_SourceCode\Src\MySQLCI\UGMyConnection.cpp(199)
2020-03-28 12:12:59 [error] 连接数据库失败，请检查连接参数, ThreadID: 21448, Timespan(ms): 0, ResourceID: ELf005, SourceCode: D:\TeamCity\buildAgent9dTrunk\work\a44d173ca6a2775c\01_SourceCode\Src\EngineMySQL\UGDataSourceMySQL.cpp(560)
2020-03-28 12:12:59 [error] 数据库连接失败，请检查数据源连接参数, ThreadID: 21448, Timespan(ms): 0, ResourceID: ELf002, SourceCode: D:\TeamCity\buildAgent9dTrunk\work\a44d173ca6a2775c\01_SourceCode\Src\EngineMySQL\UGDataSourceMySQL.cpp(209)
2020-03-28 12:14:42 [error] Failed Connect User=lu,Password=woshizl9501,strDB=cpt,port=3306,socket=,Option=0., ThreadID: 17808, Timespan(ms): 3500, ResourceID: ELj004, SourceCode: D:\TeamCity\buildAgent9dTrunk\work\a44d173ca6a2775c\01_SourceCode\Src\MySQLCI\UGMyConnection.cpp(199)
2020-03-28 12:14:42 [error] 连接数据库失败，请检查连接参数, ThreadID: 17808, Timespan(ms): 0, ResourceID: ELf005, SourceCode: D:\TeamCity\buildAgent9dTrunk\work\a44d173ca6a2775c\01_SourceCode\Src\EngineMySQL\UGDataSourceMySQL.cpp(560)
2020-03-28 12:14:42 [error] 数据库连接失败，请检查数据源连接参数, ThreadID: 17808, Timespan(ms): 0, ResourceID: ELf002, SourceCode: D:\TeamCity\buildAgent9dTrunk\work\a44d173ca6a2775c\01_SourceCode\Src\EngineMySQL\UGDataSourceMySQL.cpp(209)
0-03-28 12:12:59 [error] Failed Connect User=lu,Password=woshizl9501,strDB=cpt,port=3306,socket=,Option=0., ThreadID: 21448, Timespan(ms): 3578, ResourceID: ELj004, SourceCode: D:\TeamCity\buildAgent9dTrunk\work\a44d173ca6a2775c\01_SourceCode\Src\MySQLCI\UGMyConnection.cpp(199)
2020-03-28 12:12:59 [error] 连接数据库失败，请检查连接参数, ThreadID: 21448, Timespan(ms): 0, ResourceID: ELf005, SourceCode: D:\TeamCity\buildAgent9dTrunk\work\a44d173ca6a2775c\01_SourceCode\Src\EngineMySQL\UGDataSourceMySQL.cpp(560)
2020-03-28 12:12:59 [error] 数据库连接失败，请检查数据源连接参数, ThreadID: 21448, Timespan(ms): 0, ResourceID: ELf002, SourceCode: D:\TeamCity\buildAgent9dTrunk\work\a44d173ca6a2775c\01_SourceCode\Src\EngineMySQL\UGDataSourceMySQL.cpp(209)
0-03-28 12:12:59 [error] Failed Connect User=lu,Password=woshizl9501,strDB=cpt,port=3306,socket=,Option=0., ThreadID: 21448, Timespan(ms): 3578, ResourceID: ELj004, SourceCode: D:\TeamCity\buildAgent9dTrunk\work\a44d173ca6a2775c\01_SourceCode\Src\MySQLCI\UGMyConnection.cpp(199)
2020-03-28 12:12:59 [error] 连接数据库失败，请检查连接参数, ThreadID: 21448, Timespan(ms): 0, ResourceID: ELf005, SourceCode: D:\TeamCity\buildAgent9dTrunk\work\a44d173ca6a2775c\01_SourceCode\Src\EngineMySQL\UGDataSourceMySQL.cpp(560)
2020-03-28 12:12:59 [error] 数据库连接失败，请检查数据源连接参数, ThreadID: 21448, Timespan(ms): 0, ResourceID: ELf002, SourceCode: D:\TeamCity\buildAgent9dTrunk\work\a44d173ca6a2775c\01_SourceCode\Src\EngineMySQL\UGDataSourceMySQL.cpp(209)
2020-03-28 12:14:42 [error] Failed Connect User=lu,Password=woshizl9501,strDB=cpt,port=3306,socket=,Option=0., ThreadID: 17808, Timespan(ms): 3500, ResourceID: ELj004, SourceCode: D:\TeamCity\buildAgent9dTrunk\work\a44d173ca6a2775c\01_SourceCode\Src\MySQLCI\UGMyConnection.cpp(199)
2020-03-28 12:14:42 [error] 连接数据库失败，请检查连接参数, ThreadID: 17808, Timespan(ms): 0, ResourceID: ELf005, SourceCode: D:\TeamCity\buildAgent9dTrunk\work\a44d173ca6a2775c\01_SourceCode\Src\EngineMySQL\UGDataSourceMySQL.cpp(560)
2020-03-28 12:14:42 [error] 数据库连接失败，请检查数据源连接参数, ThreadID: 17808, Timespan(ms): 0, ResourceID: ELf002, SourceCode: D:\TeamCity\buildAgent9dTrunk\work\a44d173ca6a2775c\01_SourceCode\Src\EngineMySQL\UGDataSourceMySQL.cpp(209)
2020-03-28 12:15:10 [error] Failed Connect User=lu,Password=woshizl9501,strDB=cpt,port=3306,socket=,Option=0., ThreadID: 22520, Timespan(ms): 19672, ResourceID: ELj004, SourceCode: D:\TeamCity\buildAgent9dTrunk\work\a44d173ca6a2775c\01_SourceCode\Src\MySQLCI\UGMyConnection.cpp(199)
2020-03-28 12:15:10 [error] 连接数据库失败，请检查连接参数, ThreadID: 22520, Timespan(ms): 0, ResourceID: ELf005, SourceCode: D:\TeamCity\buildAgent9dTrunk\work\a44d173ca6a2775c\01_SourceCode\Src\EngineMySQL\UGDataSourceMySQL.cpp(560)
2020-03-28 12:15:10 [error] 数据库连接失败，请检查数据源连接参数, ThreadID: 22520, Timespan(ms): 0, ResourceID: ELf002, SourceCode: D:\TeamCity\buildAgent9dTrunk\work\a44d173ca6a2775c\01_SourceCode\Src\EngineMySQL\UGDataSourceMySQL.cpp(209)
0-03-28 12:12:59 [error] Failed Connect User=lu,Password=woshizl9501,strDB=cpt,port=3306,socket=,Option=0., ThreadID: 21448, Timespan(ms): 3578, ResourceID: ELj004, SourceCode: D:\TeamCity\buildAgent9dTrunk\work\a44d173ca6a2775c\01_SourceCode\Src\MySQLCI\UGMyConnection.cpp(199)
2020-03-28 12:12:59 [error] 连接数据库失败，请检查连接参数, ThreadID: 21448, Timespan(ms): 0, ResourceID: ELf005, SourceCode: D:\TeamCity\buildAgent9dTrunk\work\a44d173ca6a2775c\01_SourceCode\Src\EngineMySQL\UGDataSourceMySQL.cpp(560)
2020-03-28 12:12:59 [error] 数据库连接失败，请检查数据源连接参数, ThreadID: 21448, Timespan(ms): 0, ResourceID: ELf002, SourceCode: D:\TeamCity\buildAgent9dTrunk\work\a44d173ca6a2775c\01_SourceCode\Src\EngineMySQL\UGDataSourceMySQL.cpp(209)
0-03-28 12:12:59 [error] Failed Connect User=lu,Password=woshizl9501,strDB=cpt,port=3306,socket=,Option=0., ThreadID: 21448, Timespan(ms): 3578, ResourceID: ELj004, SourceCode: D:\TeamCity\buildAgent9dTrunk\work\a44d173ca6a2775c\01_SourceCode\Src\MySQLCI\UGMyConnection.cpp(199)
2020-03-28 12:12:59 [error] 连接数据库失败，请检查连接参数, ThreadID: 21448, Timespan(ms): 0, ResourceID: ELf005, SourceCode: D:\TeamCity\buildAgent9dTrunk\work\a44d173ca6a2775c\01_SourceCode\Src\EngineMySQL\UGDataSourceMySQL.cpp(560)
2020-03-28 12:12:59 [error] 数据库连接失败，请检查数据源连接参数, ThreadID: 21448, Timespan(ms): 0, ResourceID: ELf002, SourceCode: D:\TeamCity\buildAgent9dTrunk\work\a44d173ca6a2775c\01_SourceCode\Src\EngineMySQL\UGDataSourceMySQL.cpp(209)
2020-03-28 12:14:42 [error] Failed Connect User=lu,Password=woshizl9501,strDB=cpt,port=3306,socket=,Option=0., ThreadID: 17808, Timespan(ms): 3500, ResourceID: ELj004, SourceCode: D:\TeamCity\buildAgent9dTrunk\work\a44d173ca6a2775c\01_SourceCode\Src\MySQLCI\UGMyConnection.cpp(199)
2020-03-28 12:14:42 [error] 连接数据库失败，请检查连接参数, ThreadID: 17808, Timespan(ms): 0, ResourceID: ELf005, SourceCode: D:\TeamCity\buildAgent9dTrunk\work\a44d173ca6a2775c\01_SourceCode\Src\EngineMySQL\UGDataSourceMySQL.cpp(560)
2020-03-28 12:14:42 [error] 数据库连接失败，请检查数据源连接参数, ThreadID: 17808, Timespan(ms): 0, ResourceID: ELf002, SourceCode: D:\TeamCity\buildAgent9dTrunk\work\a44d173ca6a2775c\01_SourceCode\Src\EngineMySQL\UGDataSourceMySQL.cpp(209)
0-03-28 12:12:59 [error] Failed Connect User=lu,Password=woshizl9501,strDB=cpt,port=3306,socket=,Option=0., ThreadID: 21448, Timespan(ms): 3578, ResourceID: ELj004, SourceCode: D:\TeamCity\buildAgent9dTrunk\work\a44d173ca6a2775c\01_SourceCode\Src\MySQLCI\UGMyConnection.cpp(199)
2020-03-28 12:12:59 [error] 连接数据库失败，请检查连接参数, ThreadID: 21448, Timespan(ms): 0, ResourceID: ELf005, SourceCode: D:\TeamCity\buildAgent9dTrunk\work\a44d173ca6a2775c\01_SourceCode\Src\EngineMySQL\UGDataSourceMySQL.cpp(560)
2020-03-28 12:12:59 [error] 数据库连接失败，请检查数据源连接参数, ThreadID: 21440-03-28 12:12:59 [error] Failed Connect User=lu,Password=woshizl9501,strDB=cpt,port=3306,socket=,Option=0., ThreadID: 21448, Timespan(ms): 3578, ResourceID: ELj004, SourceCode: D:\TeamCity\buildAgent9dTrunk\work\a44d173ca6a2775c\01_SourceCode\Src\MySQLCI\UGMyConnection.cpp(199)
2020-03-28 12:12:59 [error] 连接数据库失败，请检查连接参数, ThreadID: 21448, Timespan(ms): 0, ResourceID: ELf005, SourceCode: D:\TeamCity\buildAgent9dTrunk\work\a44d173ca6a2775c\01_SourceCode\Src\EngineMySQL\UGDataSourceMySQL.cpp(560)
2020-03-28 12:12:59 [error] 数据库连接失败，请检查数据源连接参数, ThreadID: 21448, Timespan(ms): 0, ResourceID: ELf002, SourceCode: D:\TeamCity\buildAgent9dTrunk\work\a44d173ca6a2775c\01_SourceCode\Src\EngineMySQL\UGDataSourceMySQL.cpp(209)
0-03-28 12:12:59 [error] Failed Connect User=lu,Password=woshizl9501,strDB=cpt,port=3306,socket=,Option=0., ThreadID: 21448, Timespan(ms): 3578, ResourceID: ELj004, SourceCode: D:\TeamCity\buildAgent9dTrunk\work\a44d173ca6a2775c\01_SourceCode\Src\MySQLCI\UGMyConnection.cpp(199)
2020-03-28 12:12:59 [error] 连接数据库失败，请检查连接参数, ThreadID: 21448, Timespan(ms): 0, ResourceID: ELf005, SourceCode: D:\TeamCity\buildAgent9dTrunk\work\a44d173ca6a2775c\01_SourceCode\Src\EngineMySQL\UGDataSourceMySQL.cpp(560)
2020-03-28 12:12:59 [error] 数据库连接失败，请检查数据源连接参数, ThreadID: 21448, Timespan(ms): 0, ResourceID: ELf002, SourceCode: D:\TeamCity\buildAgent9dTrunk\work\a44d173ca6a2775c\01_SourceCode\Src\EngineMySQL\UGDataSourceMySQL.cpp(209)
2020-03-28 12:14:42 [error] Failed Connect User=lu,Password=woshizl9501,strDB=cpt,port=3306,socket=,Option=0., ThreadID: 17808, Timespan(ms): 3500, ResourceID: ELj004, SourceCode: D:\TeamCity\buildAgent9dTrunk\work\a44d173ca6a2775c\01_SourceCode\Src\MySQLCI\UGMyConnection.cpp(199)
2020-03-28 12:14:42 [error] 连接数据库失败，请检查连接参数, ThreadID: 17808, Timespan(ms): 0, ResourceID: ELf005, SourceCode: D:\TeamCity\buildAgent9dTrunk\work\a44d173ca6a2775c\01_SourceCode\Src\EngineMySQL\UGDataSourceMySQL.cpp(560)
2020-03-28 12:14:42 [error] 数据库连接失败，请检查数据源连接参数, ThreadID: 17808, Timespan(ms): 0, ResourceID: ELf002, SourceCode: D:\TeamCity\buildAgent9dTrunk\work\a44d173ca6a2775c\01_SourceCode\Src\EngineMySQL\UGDataSourceMySQL.cpp(209)
0-03-28 12:12:59 [error] Failed Connect User=lu,Password=woshizl9501,strDB=cpt,port=3306,socket=,Option=0., ThreadID: 21448, Timespan(ms): 3578, ResourceID: ELj004, SourceCode: D:\TeamCity\buildAgent9dTrunk\work\a44d173ca6a2775c\01_SourceCode\Src\MySQLCI\UGMyConnection.cpp(199)
2020-03-28 12:12:59 [error] 连接数据库失败，请检查连接参数, ThreadID: 21448, Timespan(ms): 0, ResourceID: ELf005, SourceCode: D:\TeamCity\buildAgent9dTrunk\work\a44d173ca6a2775c\01_SourceCode\Src\EngineMySQL\UGDataSourceMySQL.cpp(560)
2020-03-28 12:12:59 [error] 数据库连接失败，请检查数据源连接参数, ThreadID: 21448, Timespan(ms): 0, ResourceID: ELf002, SourceCode: D:\TeamCity\buildAgent9dTrunk\work\a44d173ca6a2775c\01_SourceCode\Src\EngineMySQL\UGDataSourceMySQL.cpp(209)
0-03-28 12:12:59 [error] Failed Connect User=lu,Password=woshizl9501,strDB=cpt,port=3306,socket=,Option=0., ThreadID: 21448, Timespan(ms): 3578, ResourceID: ELj004, SourceCode: D:\TeamCity\buildAgent9dTrunk\work\a44d173ca6a2775c\01_SourceCode\Src\MySQLCI\UGMyConnection.cpp(199)
2020-03-28 12:12:59 [error] 连接数据库失败，请检查连接参数, ThreadID: 21448, Timespan(ms): 0, ResourceID: ELf005, SourceCode: D:\TeamCity\buildAgent9dTrunk\work\a44d173ca6a2775c\01_SourceCode\Src\EngineMySQL\UGDataSourceMySQL.cpp(560)
2020-03-28 12:12:59 [error] 数据库连接失败，请检查数据源连接参数, ThreadID: 21448, Timespan(ms): 0, ResourceID: ELf002, SourceCode: D:\TeamCity\buildAgent9dTrunk\work\a44d173ca6a2775c\01_SourceCode\Src\EngineMySQL\UGDataSourceMySQL.cpp(209)
2020-03-28 12:14:42 [error] Failed Connect User=lu,Password=woshizl9501,strDB=cpt,port=3306,socket=,Option=0., ThreadID: 17808, Timespan(ms): 3500, ResourceID: ELj004, SourceCode: D:\TeamCity\buildAgent9dTrunk\work\a44d173ca6a2775c\01_SourceCode\Src\MySQLCI\UGMyConnection.cpp(199)
2020-03-28 12:14:42 [error] 连接数据库失败，请检查连接参数, ThreadID: 17808, Timespan(ms): 0, ResourceID: ELf005, SourceCode: D:\TeamCity\buildAgent9dTrunk\work\a44d173ca6a2775c\01_SourceCode\Src\EngineMySQL\UGDataSourceMySQL.cpp(560)
2020-03-28 12:14:42 [error] 数据库连接失败，请检查数据源连接参数, ThreadID: 17808, Timespan(ms): 0, ResourceID: ELf002, SourceCode: D:\TeamCity\buildAgent9dTrunk\work\a44d173ca6a2775c\01_SourceCode\Src\EngineMySQL\UGDataSourceMySQL.cpp(209)
2020-03-28 12:15:10 [error] Failed Connect User=lu,Password=woshizl9501,strDB=cpt,port=3306,socket=,Option=0., ThreadID: 22520, Timespan(ms): 19672, ResourceID: ELj004, SourceCode: D:\TeamCity\buildAgent9dTrunk\work\a44d173ca6a2775c\01_SourceCode\Src\MySQLCI\UGMyConnection.cpp(199)
2020-03-28 12:15:10 [error] 连接数据库失败，请检查连接参数, ThreadID: 22520, Timespan(ms): 0, ResourceID: ELf005, SourceCode: D:\TeamCity\buildAgent9dTrunk\work\a44d173ca6a2775c\01_SourceCode\Src\EngineMySQL\UGDataSourceMySQL.cpp(560)
2020-03-28 12:15:10 [error] 数据库连接失败，请检查数据源连接参数, ThreadID: 22520, Timespan(ms): 0, ResourceID: ELf002, SourceCode: D:\TeamCity\buildAgent9dTrunk\work\a44d173ca6a2775c\01_SourceCode\Src\EngineMySQL\UGDataSourceMySQL.cpp(209)
0-03-28 12:12:59 [error] Failed Connect User=lu,Password=woshizl9501,strDB=cpt,port=3306,socket=,Option=0., ThreadID: 21448, Timespan(ms): 3578, ResourceID: ELj004, SourceCode: D:\TeamCity\buildAgent9dTrunk\work\a44d173ca6a2775c\01_SourceCode\Src\MySQLCI\UGMyConnection.cpp(199)
2020-03-28 12:12:59 [error] 连接数据库失败，请检查连接参数, ThreadID: 21448, Timespan(ms): 0, ResourceID: ELf005, SourceCode: D:\TeamCity\buildAgent9dTrunk\work\a44d173ca6a2775c\01_SourceCode\Src\EngineMySQL\UGDataSourceMySQL.cpp(560)
2020-03-28 12:12:59 [error] 数据库连接失败，请检查数据源连接参数, ThreadID: 21448, Timespan(ms): 0, ResourceID: ELf002, SourceCode: D:\TeamCity\buildAgent9dTrunk\work\a44d173ca6a2775c\01_SourceCode\Src\EngineMySQL\UGDataSourceMySQL.cpp(209)
0-03-28 12:12:59 [error] Failed Connect User=lu,Password=woshizl9501,strDB=cpt,port=3306,socket=,Option=0., ThreadID: 21448, Timespan(ms): 3578, ResourceID: ELj004, SourceCode: D:\TeamCity\buildAgent9dTrunk\work\a44d173ca6a2775c\01_SourceCode\Src\MySQLCI\UGMyConnection.cpp(199)
2020-03-28 12:12:59 [error] 连接数据库失败，请检查连接参数, ThreadID: 21448, Timespan(ms): 0, ResourceID: ELf005, SourceCode: D:\TeamCity\buildAgent9dTrunk\work\a44d173ca6a2775c\01_SourceCode\Src\EngineMySQL\UGDataSourceMySQL.cpp(560)
2020-03-28 12:12:59 [error] 数据库连接失败，请检查数据源连接参数, ThreadID: 21448, Timespan(ms): 0, ResourceID: ELf002, SourceCode: D:\TeamCity\buildAgent9dTrunk\work\a44d173ca6a2775c\01_SourceCode\Src\EngineMySQL\UGDataSourceMySQL.cpp(209)
2020-03-28 12:14:42 [error] Failed Connect User=lu,Password=woshizl9501,strDB=cpt,port=3306,socket=,Option=0., ThreadID: 17808, Timespan(ms): 3500, ResourceID: ELj004, SourceCode: D:\TeamCity\buildAgent9dTrunk\work\a44d173ca6a2775c\01_SourceCode\Src\MySQLCI\UGMyConnection.cpp(199)
2020-03-28 12:14:42 [error] 连接数据库失败，请检查连接参数, ThreadID: 17808, Timespan(ms): 0, ResourceID: ELf005, SourceCode: D:\TeamCity\buildAgent9dTrunk\work\a44d173ca6a2775c\01_SourceCode\Src\EngineMySQL\UGDataSourceMySQL.cpp(560)
2020-03-28 12:14:42 [error] 数据库连接失败，请检查数据源连接参数, ThreadID: 17808, Timespan(ms): 0, ResourceID: ELf002, SourceCode: D:\TeamCity\buildAgent9dTrunk\work\a44d173ca6a2775c\01_SourceCode\Src\EngineMySQL\UGDataSourceMySQL.cpp(209)
0-03-28 12:12:59 [error] Failed Connect User=lu,Password=woshizl9501,strDB=cpt,port=3306,socket=,Option=0., ThreadID: 21448, Timespan(ms): 3578, ResourceID: ELj004, SourceCode: D:\TeamCity\buildAgent9dTrunk\work\a44d173ca6a2775c\01_SourceCode\Src\MySQLCI\UGMyConnection.cpp(199)
2020-03-28 12:12:59 [error] 连接数据库失败，请检查连接参数, ThreadID: 21448, Timespan(ms): 0, ResourceID: ELf005, SourceCode: D:\TeamCity\buildAgent9dTrunk\work\a44d173ca6a2775c\01_SourceCode\Src\EngineMySQL\UGDataSourceMySQL.cpp(560)
2020-03-28 12:12:59 [error] 数据库连接失败，请检查数据源连接参数, ThreadID: 21442020-03-28 12:19:57 [error] Failed Connect User=lu,Password=woshizl9501,strDB=cpt111,port=3306,socket=,Option=0., ThreadID: 16052, Timespan(ms): 9625, ResourceID: ELj004, SourceCode: D:\TeamCity\buildAgent9dTrunk\work\a44d173ca6a2775c\01_SourceCode\Src\MySQLCI\UGMyConnection.cpp(199)
2020-03-28 12:19:57 [error] 连接数据库失败，请检查连接参数, ThreadID: 16052, Timespan(ms): 0, ResourceID: ELf005, SourceCode: D:\TeamCity\buildAgent9dTrunk\work\a44d173ca6a2775c\01_SourceCode\Src\EngineMySQL\UGDataSourceMySQL.cpp(560)
2020-03-28 12:19:57 [error] 数据库连接失败，请检查数据源连接参数, ThreadID: 16052, Timespan(ms): 0, ResourceID: ELf002, SourceCode: D:\TeamCity\buildAgent9dTrunk\work\a44d173ca6a2775c\01_SourceCode\Src\EngineMySQL\UGDataSourceMySQL.cpp(209)
2020-03-28 12:21:53 [error] 文件（52.231.27.240）打开失败, ThreadID: 19532, Timespan(ms): 2766, ResourceID: EAg020, SourceCode: D:\TeamCity\buildAgent9dTrunk\work\a44d173ca6a2775c\01_SourceCode\Src\EngineUDB\UGDataSourceUdb.cpp(366)
2020-03-28 12:22:21 [error] Failed Connect User=lu,Password=woshizl9501,strDB=cpt,port=3306,socket=,Option=0., ThreadID: 19668, Timespan(ms): 4922, ResourceID: ELj004, SourceCode: D:\TeamCity\buildAgent9dTrunk\work\a44d173ca6a2775c\01_SourceCode\Src\MySQLCI\UGMyConnection.cpp(199)
2020-03-28 12:22:21 [error] 连接数据库失败，请检查连接参数, ThreadID: 19668, Timespan(ms): 0, ResourceID: ELf005, SourceCode: D:\TeamCity\buildAgent9dTrunk\work\a44d173ca6a2775c\01_SourceCode\Src\EngineMySQL\UGDataSourceMySQL.cpp(560)
2020-03-28 12:22:21 [error] 数据库连接失败，请检查数据源连接参数, ThreadID: 19668, Timespan(ms): 0, ResourceID: ELf002, SourceCode: D:\TeamCity\buildAgent9dTrunk\work\a44d173ca6a2775c\01_SourceCode\Src\EngineMySQL\UGDataSourceMySQL.cpp(209)
2020-03-28 12:23:01 [error] Failed Connect User=lu,Password=woshizl9501,strDB=mysql,port=3306,socket=,Option=0., ThreadID: 20616, Timespan(ms): 3562, ResourceID: ELj004, SourceCode: D:\TeamCity\buildAgent9dTrunk\work\a44d173ca6a2775c\01_SourceCode\Src\MySQLCI\UGMyConnection.cpp(199)
2020-03-28 12:23:01 [error] 连接数据库失败，请检查连接参数, ThreadID: 20616, Timespan(ms): 0, ResourceID: ELf005, SourceCode: D:\TeamCity\buildAgent9dTrunk\work\a44d173ca6a2775c\01_SourceCode\Src\EngineMySQL\UGDataSourceMySQL.cpp(560)
2020-03-28 12:23:01 [error] 数据库连接失败，请检查数据源连接参数, ThreadID: 20616, Timespan(ms): 0, ResourceID: ELf002, SourceCode: D:\TeamCity\buildAgent9dTrunk\work\a44d173ca6a2775c\01_SourceCode\Src\EngineMySQL\UGDataSourceMySQL.cpp(209)
2020-03-28 12:25:12 [error] SHOULD_SET_LARGE_PACKET_SIZE, ThreadID: 23600, Timespan(ms): 3625, ResourceID: -100, SourceCode: D:\TeamCity\buildAgent9dTrunk\work\a44d173ca6a2775c\01_SourceCode\Src\EngineMySQL\UGDataSourceMySQL.cpp(2154)
2020-03-28 12:25:12 [error] 没有系统表，且非扩展打开, ThreadID: 23600, Timespan(ms): 47, ResourceID: ELc088, SourceCode: D:\TeamCity\buildAgent9dTrunk\work\a44d173ca6a2775c\01_SourceCode\Src\EngineMySQL\UGDataSourceMySQL.cpp(226)
2020-03-28 12:26:21 [error] Failed Exec strSQL : create index idx_SmRegister on SmRegister(SmDatasetID)-
, ThreadID: 16172, Timespan(ms): 3797, ResourceID: -100, SourceCode: D:\TeamCity\buildAgent9dTrunk\work\a44d173ca6a2775c\01_SourceCode\Src\EngineMySQL\UGDataSourceMySQL.cpp(632)
2020-03-28 12:26:21 [error] Failed Exec strSQL : create index idx_SmBandRegDTID on SmBandRegister(SmDatasetID)-
, ThreadID: 16172, Timespan(ms): 218, ResourceID: -100, SourceCode: D:\TeamCity\buildAgent9dTrunk\work\a44d173ca6a2775c\01_SourceCode\Src\EngineMySQL\UGDataSourceMySQL.cpp(643)
2020-03-28 12:26:22 [error] Failed Exec strSQL : create index idx_SmFieldInfo on SmFieldInfo(SmDatasetID)-
, ThreadID: 16172, Timespan(ms): 188, ResourceID: -100, SourceCode: D:\TeamCity\buildAgent9dTrunk\work\a44d173ca6a2775c\01_SourceCode\Src\EngineMySQL\UGDataSourceMySQL.cpp(659)
2020-03-28 12:26:22 [error] Failed Exec strSQL : CREATE PROCEDURE GetSequenceNextID (strSmName varchar(64),  OUT nSmSeqID INT) 
begin 
start transaction;
SELECT SmSeqID into nSmSeqID FROM SmSequenceManage WHERE SmName = strSmName for update;
UPDATE SmSequenceManage SET SmSeqID = SmSeqID + SmIncrementVal WHERE SmName = strSmName;
commit;
end;-
, ThreadID: 16172, Timespan(ms): 203, ResourceID: -100, SourceCode: D:\TeamCity\buildAgent9dTrunk\work\a44d173ca6a2775c\01_SourceCode\Src\EngineMySQL\UGDataSourceMySQL.cpp(672)
2020-03-28 12:32:20 [error] SHOULD_SET_LARGE_PACKET_SIZE, ThreadID: 5732, Timespan(ms): 4563, ResourceID: -100, SourceCode: D:\TeamCity\buildAgent9dTrunk\work\a44d173ca6a2775c\01_SourceCode\Src\EngineMySQL\UGDataSourceMySQL.cpp(2154)
2020-03-28 12:32:48 [error] Failed Exec strSQL : call test2.GetSequenceNextID('SmDatasetID', @a);-PROCEDURE test2.GetSequenceNextID does not exist, ThreadID: 5732, Timespan(ms): 28484, ResourceID: 4294967196, SourceCode: D:\TeamCity\buildAgent9dTrunk\work\a44d173ca6a2775c\01_SourceCode\Src\EngineMySQL\UGMySQLToolkit.cpp(210)
2020-03-28 12:32:48 [error] 创建数据集失败, ThreadID: 5732, Timespan(ms): 0, ResourceID: ELc018, SourceCode: D:\TeamCity\buildAgent9dTrunk\work\a44d173ca6a2775c\01_SourceCode\Src\DataExchange\UGExchangeVector.cpp(390)
2020-03-28 12:32:48 [error] 导入图层[ythythyt]失败, ThreadID: 5732, Timespan(ms): 0, ResourceID: EGg021, SourceCode: D:\TeamCity\buildAgent9dTrunk\work\a44d173ca6a2775c\01_SourceCode\Src\DataExchange\UGExchangeVector.cpp(196)
2020-03-28 12:32:48 [error] 数据导入失败, ThreadID: 5732, Timespan(ms): 0, ResourceID: ELh012, SourceCode: D:\TeamCity\buildAgent9dTrunk\work\a44d173ca6a2775c\01_SourceCode\Src\DataExchange\UGDataExchange.cpp(327)
2020-03-28 12:36:35 [error] SHOULD_SET_LARGE_PACKET_SIZE, ThreadID: 21080, Timespan(ms): 2657, ResourceID: -100, SourceCode: D:\TeamCity\buildAgent9dTrunk\work\a44d173ca6a2775c\01_SourceCode\Src\EngineMySQL\UGDataSourceMySQL.cpp(2154)
2020-03-28 12:36:38 [error] Failed Exec strSQL : call test2.GetSequenceNextID('SmDatasetID', @a);-PROCEDURE test2.GetSequenceNextID does not exist, ThreadID: 21080, Timespan(ms): 2218, ResourceID: 4294967196, SourceCode: D:\TeamCity\buildAgent9dTrunk\work\a44d173ca6a2775c\01_SourceCode\Src\EngineMySQL\UGMySQLToolkit.cpp(210)
2020-03-28 12:36:38 [error] 创建数据集失败, ThreadID: 21080, Timespan(ms): 0, ResourceID: ELc018, SourceCode: D:\TeamCity\buildAgent9dTrunk\work\a44d173ca6a2775c\01_SourceCode\Src\DataExchange\UGExchangeVector.cpp(390)
2020-03-28 12:36:38 [error] 导入图层[ythythyt]失败, ThreadID: 21080, Timespan(ms): 0, ResourceID: EGg021, SourceCode: D:\TeamCity\buildAgent9dTrunk\work\a44d173ca6a2775c\01_SourceCode\Src\DataExchange\UGExchangeVector.cpp(196)
2020-03-28 12:36:38 [error] 数据导入失败, ThreadID: 21080, Timespan(ms): 0, ResourceID: ELh012, SourceCode: D:\TeamCity\buildAgent9dTrunk\work\a44d173ca6a2775c\01_SourceCode\Src\DataExchange\UGDataExchange.cpp(327)
