2020-03-27 20:56:09 [error] Failed Connect User=root,Password=woshizl9501,strDB=cpt,port=3306,socket=,Option=0., ThreadID: 9132, Timespan(ms): 9093, ResourceID: ELj004, SourceCode: D:\TeamCity\buildAgent9dTrunk\work\a44d173ca6a2775c\01_SourceCode\Src\MySQLCI\UGMyConnection.cpp(199)
2020-03-27 20:56:09 [error] 连接数据库失败，请检查连接参数, ThreadID: 9132, Timespan(ms): 0, ResourceID: ELf005, SourceCode: D:\TeamCity\buildAgent9dTrunk\work\a44d173ca6a2775c\01_SourceCode\Src\EngineMySQL\UGDataSourceMySQL.cpp(560)
2020-03-27 20:56:09 [error] 数据库连接失败，请检查数据源连接参数, ThreadID: 9132, Timespan(ms): 0, ResourceID: ELf002, SourceCode: D:\TeamCity\buildAgent9dTrunk\work\a44d173ca6a2775c\01_SourceCode\Src\EngineMySQL\UGDataSourceMySQL.cpp(209)
0-03-27 20:56:09 [error] Failed Connect User=root,Password=woshizl9501,strDB=cpt,port=3306,socket=,Option=0., ThreadID: 9132, Timespan(ms): 9093, ResourceID: ELj004, SourceCode: D:\TeamCity\buildAgent9dTrunk\work\a44d173ca6a2775c\01_SourceCode\Src\MySQLCI\UGMyConnection.cpp(199)
2020-03-27 20:56:09 [error] 连接数据库失败，请检查连接参数, ThreadID: 9132, Timespan(ms): 0, ResourceID: ELf005, SourceCode: D:\TeamCity\buildAgent9dTrunk\work\a44d173ca6a2775c\01_SourceCode\Src\EngineMySQL\UGDataSourceMySQL.cpp(560)
2020-03-27 20:56:09 [error] 数据库连接失败，请检查数据源连接参数, ThreadID: 9132, Timespan(ms): 0, ResourceID: ELf002, SourceCode: D:\TeamCity\buildAgent9dTrunk\work\a44d173ca6a2775c\01_SourceCode\Src\EngineMySQL\UGDataSourceMySQL.cpp(209)
2020-03-27 20:57:05 [error] Failed Connect User=root,Password=woshizl9501,strDB=cpt,port=3306,socket=,Option=0., ThreadID: 16468, Timespan(ms): 6390, ResourceID: ELj004, SourceCode: D:\TeamCity\buildAgent9dTrunk\work\a44d173ca6a2775c\01_SourceCode\Src\MySQLCI\UGMyConnection.cpp(199)
2020-03-27 20:57:05 [error] 连接数据库失败，请检查连接参数, ThreadID: 16468, Timespan(ms): 0, ResourceID: ELf005, SourceCode: D:\TeamCity\buildAgent9dTrunk\work\a44d173ca6a2775c\01_SourceCode\Src\EngineMySQL\UGDataSourceMySQL.cpp(560)
2020-03-27 20:57:05 [error] 数据库连接失败，请检查数据源连接参数, ThreadID: 16468, Timespan(ms): 0, ResourceID: ELf002, SourceCode: D:\TeamCity\buildAgent9dTrunk\work\a44d173ca6a2775c\01_SourceCode\Src\EngineMySQL\UGDataSourceMySQL.cpp(209)
0-03-27 20:56:09 [error] Failed Connect User=root,Password=woshizl9501,strDB=cpt,port=3306,socket=,Option=0., ThreadID: 9132, Timespan(ms): 9093, ResourceID: ELj004, SourceCode: D:\TeamCity\buildAgent9dTrunk\work\a44d173ca6a2775c\01_SourceCode\Src\MySQLCI\UGMyConnection.cpp(199)
2020-03-27 20:56:09 [error] 连接数据库失败，请检查连接参数, ThreadID: 9132, Timespan(ms): 0, ResourceID: ELf005, SourceCode: D:\TeamCity\buildAgent9dTrunk\work\a44d173ca6a2775c\01_SourceCode\Src\EngineMySQL\UGDataSourceMySQL.cpp(560)
2020-03-27 20:56:09 [error] 数据库连接失败，请检查数据源连接参数, ThreadID: 9132, Timespan(ms): 0, ResourceID: ELf002, SourceCode: D:\TeamCity\buildAgent9dTrunk\work\a44d173ca6a2775c\01_SourceCode\Src\EngineMySQL\UGDataSourceMySQL.cpp(209)
0-03-27 20:56:09 [error] Failed Connect User=root,Password=woshizl9501,strDB=cpt,port=3306,socket=,Option=0., ThreadID: 9132, Timespan(ms): 9093, ResourceID: ELj004, SourceCode: D:\TeamCity\buildAgent9dTrunk\work\a44d173ca6a2775c\01_SourceCode\Src\MySQLCI\UGMyConnection.cpp(199)
2020-03-27 20:56:09 [error] 连接数据库失败，请检查连接参数, ThreadID: 9132, Timespan(ms): 0, ResourceID: ELf005, SourceCode: D:\TeamCity\buildAgent9dTrunk\work\a44d173ca6a2775c\01_SourceCode\Src\EngineMySQL\UGDataSourceMySQL.cpp(560)
2020-03-27 20:56:09 [error] 数据库连接失败，请检查数据源连接参数, ThreadID: 9132, Timespan(ms): 0, ResourceID: ELf002, SourceCode: D:\TeamCity\buildAgent9dTrunk\work\a44d173ca6a2775c\01_SourceCode\Src\EngineMySQL\UGDataSourceMySQL.cpp(209)
2020-03-27 20:57:05 [error] Failed Connect User=root,Password=woshizl9501,strDB=cpt,port=3306,socket=,Option=0., ThreadID: 16468, Timespan(ms): 6390, ResourceID: ELj004, SourceCode: D:\TeamCity\buildAgent9dTrunk\work\a44d173ca6a2775c\01_SourceCode\Src\MySQLCI\UGMyConnection.cpp(199)
2020-03-27 20:57:05 [error] 连接数据库失败，请检查连接参数, ThreadID: 16468, Timespan(ms): 0, ResourceID: ELf005, SourceCode: D:\TeamCity\buildAgent9dTrunk\work\a44d173ca6a2775c\01_SourceCode\Src\EngineMySQL\UGDataSourceMySQL.cpp(560)
2020-03-27 20:57:05 [error] 数据库连接失败，请检查数据源连接参数, ThreadID: 16468, Timespan(ms): 0, ResourceID: ELf002, SourceCode: D:\TeamCity\buildAgent9dTrunk\work\a44d173ca6a2775c\01_SourceCode\Src\EngineMySQL\UGDataSourceMySQL.cpp(209)
2020-03-27 21:01:09 [error] Failed Connect User=root,Password=woshizl9501,strDB=cpt,port=3306,socket=,Option=0.Access denied for user 'root'@'PC-201804070015' (using password: YES), ThreadID: 2964, Timespan(ms): 5937, ResourceID: ELj004, SourceCode: D:\TeamCity\buildAgent9dTrunk\work\a44d173ca6a2775c\01_SourceCode\Src\MySQLCI\UGMyConnection.cpp(199)
2020-03-27 21:01:09 [error] 连接数据库失败，请检查连接参数, ThreadID: 2964, Timespan(ms): 0, ResourceID: ELf005, SourceCode: D:\TeamCity\buildAgent9dTrunk\work\a44d173ca6a2775c\01_SourceCode\Src\EngineMySQL\UGDataSourceMySQL.cpp(560)
2020-03-27 21:01:09 [error] 数据库连接失败，请检查数据源连接参数, ThreadID: 2964, Timespan(ms): 0, ResourceID: ELf002, SourceCode: D:\TeamCity\buildAgent9dTrunk\work\a44d173ca6a2775c\01_SourceCode\Src\EngineMySQL\UGDataSourceMySQL.cpp(209)
0-03-27 20:56:09 [error] Failed Connect User=root,Password=woshizl9501,strDB=cpt,port=3306,socket=,Option=0., ThreadID: 9132, Timespan(ms): 9093, ResourceID: ELj004, SourceCode: D:\TeamCity\buildAgent9dTrunk\work\a44d173ca6a2775c\01_SourceCode\Src\MySQLCI\UGMyConnection.cpp(199)
2020-03-27 20:56:09 [error] 连接数据库失败，请检查连接参数, ThreadID: 9132, Timespan(ms): 0, ResourceID: ELf005, SourceCode: D:\TeamCity\buildAgent9dTrunk\work\a44d173ca6a2775c\01_SourceCode\Src\EngineMySQL\UGDataSourceMySQL.cpp(560)
2020-03-27 20:56:09 [error] 数据库连接失败，请检查数据源连接参数, ThreadID: 9132, Timespan(ms): 0, ResourceID: ELf002, SourceCode: D:\TeamCity\buildAgent9dTrunk\work\a44d173ca6a2775c\01_SourceCode\Src\EngineMySQL\UGDataSourceMySQL.cpp(209)
0-03-27 20:56:09 [error] Failed Connect User=root,Password=woshizl9501,strDB=cpt,port=3306,socket=,Option=0., ThreadID: 9132, Timespan(ms): 9093, ResourceID: ELj004, SourceCode: D:\TeamCity\buildAgent9dTrunk\work\a44d173ca6a2775c\01_SourceCode\Src\MySQLCI\UGMyConnection.cpp(199)
2020-03-27 20:56:09 [error] 连接数据库失败，请检查连接参数, ThreadID: 9132, Timespan(ms): 0, ResourceID: ELf005, SourceCode: D:\TeamCity\buildAgent9dTrunk\work\a44d173ca6a2775c\01_SourceCode\Src\EngineMySQL\UGDataSourceMySQL.cpp(560)
2020-03-27 20:56:09 [error] 数据库连接失败，请检查数据源连接参数, ThreadID: 9132, Timespan(ms): 0, ResourceID: ELf002, SourceCode: D:\TeamCity\buildAgent9dTrunk\work\a44d173ca6a2775c\01_SourceCode\Src\EngineMySQL\UGDataSourceMySQL.cpp(209)
2020-03-27 20:57:05 [error] Failed Connect User=root,Password=woshizl9501,strDB=cpt,port=3306,socket=,Option=0., ThreadID: 16468, Timespan(ms): 6390, ResourceID: ELj004, SourceCode: D:\TeamCity\buildAgent9dTrunk\work\a44d173ca6a2775c\01_SourceCode\Src\MySQLCI\UGMyConnection.cpp(199)
2020-03-27 20:57:05 [error] 连接数据库失败，请检查连接参数, ThreadID: 16468, Timespan(ms): 0, ResourceID: ELf005, SourceCode: D:\TeamCity\buildAgent9dTrunk\work\a44d173ca6a2775c\01_SourceCode\Src\EngineMySQL\UGDataSourceMySQL.cpp(560)
2020-03-27 20:57:05 [error] 数据库连接失败，请检查数据源连接参数, ThreadID: 16468, Timespan(ms): 0, ResourceID: ELf002, SourceCode: D:\TeamCity\buildAgent9dTrunk\work\a44d173ca6a2775c\01_SourceCode\Src\EngineMySQL\UGDataSourceMySQL.cpp(209)
0-03-27 20:56:09 [error] Failed Connect User=root,Password=woshizl9501,strDB=cpt,port=3306,socket=,Option=0., ThreadID: 9132, Timespan(ms): 9093, ResourceID: ELj004, SourceCode: D:\TeamCity\buildAgent9dTrunk\work\a44d173ca6a2775c\01_SourceCode\Src\MySQLCI\UGMyConnection.cpp(199)
2020-03-27 20:56:09 [error] 连接数据库失败，请检查连接参数, ThreadID: 9132, Timespan(ms): 0, ResourceID: ELf005, SourceCode: D:\TeamCity\buildAgent9dTrunk\work\a44d173ca6a2775c\01_SourceCode\Src\EngineMySQL\UGDataSourceMySQL.cpp(560)
2020-03-27 200-03-27 20:56:09 [error] Failed Connect User=root,Password=woshizl9501,strDB=cpt,port=3306,socket=,Option=0., ThreadID: 9132, Timespan(ms): 9093, ResourceID: ELj004, SourceCode: D:\TeamCity\buildAgent9dTrunk\work\a44d173ca6a2775c\01_SourceCode\Src\MySQLCI\UGMyConnection.cpp(199)
2020-03-27 20:56:09 [error] 连接数据库失败，请检查连接参数, ThreadID: 9132, Timespan(ms): 0, ResourceID: ELf005, SourceCode: D:\TeamCity\buildAgent9dTrunk\work\a44d173ca6a2775c\01_SourceCode\Src\EngineMySQL\UGDataSourceMySQL.cpp(560)
2020-03-27 20:56:09 [error] 数据库连接失败，请检查数据源连接参数, ThreadID: 9132, Timespan(ms): 0, ResourceID: ELf002, SourceCode: D:\TeamCity\buildAgent9dTrunk\work\a44d173ca6a2775c\01_SourceCode\Src\EngineMySQL\UGDataSourceMySQL.cpp(209)
0-03-27 20:56:09 [error] Failed Connect User=root,Password=woshizl9501,strDB=cpt,port=3306,socket=,Option=0., ThreadID: 9132, Timespan(ms): 9093, ResourceID: ELj004, SourceCode: D:\TeamCity\buildAgent9dTrunk\work\a44d173ca6a2775c\01_SourceCode\Src\MySQLCI\UGMyConnection.cpp(199)
2020-03-27 20:56:09 [error] 连接数据库失败，请检查连接参数, ThreadID: 9132, Timespan(ms): 0, ResourceID: ELf005, SourceCode: D:\TeamCity\buildAgent9dTrunk\work\a44d173ca6a2775c\01_SourceCode\Src\EngineMySQL\UGDataSourceMySQL.cpp(560)
2020-03-27 20:56:09 [error] 数据库连接失败，请检查数据源连接参数, ThreadID: 9132, Timespan(ms): 0, ResourceID: ELf002, SourceCode: D:\TeamCity\buildAgent9dTrunk\work\a44d173ca6a2775c\01_SourceCode\Src\EngineMySQL\UGDataSourceMySQL.cpp(209)
2020-03-27 20:57:05 [error] Failed Connect User=root,Password=woshizl9501,strDB=cpt,port=3306,socket=,Option=0., ThreadID: 16468, Timespan(ms): 6390, ResourceID: ELj004, SourceCode: D:\TeamCity\buildAgent9dTrunk\work\a44d173ca6a2775c\01_SourceCode\Src\MySQLCI\UGMyConnection.cpp(199)
2020-03-27 20:57:05 [error] 连接数据库失败，请检查连接参数, ThreadID: 16468, Timespan(ms): 0, ResourceID: ELf005, SourceCode: D:\TeamCity\buildAgent9dTrunk\work\a44d173ca6a2775c\01_SourceCode\Src\EngineMySQL\UGDataSourceMySQL.cpp(560)
2020-03-27 20:57:05 [error] 数据库连接失败，请检查数据源连接参数, ThreadID: 16468, Timespan(ms): 0, ResourceID: ELf002, SourceCode: D:\TeamCity\buildAgent9dTrunk\work\a44d173ca6a2775c\01_SourceCode\Src\EngineMySQL\UGDataSourceMySQL.cpp(209)
0-03-27 20:56:09 [error] Failed Connect User=root,Password=woshizl9501,strDB=cpt,port=3306,socket=,Option=0., ThreadID: 9132, Timespan(ms): 9093, ResourceID: ELj004, SourceCode: D:\TeamCity\buildAgent9dTrunk\work\a44d173ca6a2775c\01_SourceCode\Src\MySQLCI\UGMyConnection.cpp(199)
2020-03-27 20:56:09 [error] 连接数据库失败，请检查连接参数, ThreadID: 9132, Timespan(ms): 0, ResourceID: ELf005, SourceCode: D:\TeamCity\buildAgent9dTrunk\work\a44d173ca6a2775c\01_SourceCode\Src\EngineMySQL\UGDataSourceMySQL.cpp(560)
2020-03-27 20:56:09 [error] 数据库连接失败，请检查数据源连接参数, ThreadID: 9132, Timespan(ms): 0, ResourceID: ELf002, SourceCode: D:\TeamCity\buildAgent9dTrunk\work\a44d173ca6a2775c\01_SourceCode\Src\EngineMySQL\UGDataSourceMySQL.cpp(209)
0-03-27 20:56:09 [error] Failed Connect User=root,Password=woshizl9501,strDB=cpt,port=3306,socket=,Option=0., ThreadID: 9132, Timespan(ms): 9093, ResourceID: ELj004, SourceCode: D:\TeamCity\buildAgent9dTrunk\work\a44d173ca6a2775c\01_SourceCode\Src\MySQLCI\UGMyConnection.cpp(199)
2020-03-27 20:56:09 [error] 连接数据库失败，请检查连接参数, ThreadID: 9132, Timespan(ms): 0, ResourceID: ELf005, SourceCode: D:\TeamCity\buildAgent9dTrunk\work\a44d173ca6a2775c\01_SourceCode\Src\EngineMySQL\UGDataSourceMySQL.cpp(560)
2020-03-27 20:56:09 [error] 数据库连接失败，请检查数据源连接参数, ThreadID: 9132, Timespan(ms): 0, ResourceID: ELf002, SourceCode: D:\TeamCity\buildAgent9dTrunk\work\a44d173ca6a2775c\01_SourceCode\Src\EngineMySQL\UGDataSourceMySQL.cpp(209)
2020-03-27 20:57:05 [error] Failed Connect User=root,Password=woshizl9501,strDB=cpt,port=3306,socket=,Option=0., ThreadID: 16468, Timespan(ms): 6390, ResourceID: ELj004, SourceCode: D:\TeamCity\buildAgent9dTrunk\work\a44d173ca6a2775c\01_SourceCode\Src\MySQLCI\UGMyConnection.cpp(199)
2020-03-27 20:57:05 [error] 连接数据库失败，请检查连接参数, ThreadID: 16468, Timespan(ms): 0, ResourceID: ELf005, SourceCode: D:\TeamCity\buildAgent9dTrunk\work\a44d173ca6a2775c\01_SourceCode\Src\EngineMySQL\UGDataSourceMySQL.cpp(560)
2020-03-27 20:57:05 [error] 数据库连接失败，请检查数据源连接参数, ThreadID: 16468, Timespan(ms): 0, ResourceID: ELf002, SourceCode: D:\TeamCity\buildAgent9dTrunk\work\a44d173ca6a2775c\01_SourceCode\Src\EngineMySQL\UGDataSourceMySQL.cpp(209)
2020-03-27 21:01:09 [error] Failed Connect User=root,Password=woshizl9501,strDB=cpt,port=3306,socket=,Option=0.Access denied for user 'root'@'PC-201804070015' (using password: YES), ThreadID: 2964, Timespan(ms): 5937, ResourceID: ELj004, SourceCode: D:\TeamCity\buildAgent9dTrunk\work\a44d173ca6a2775c\01_SourceCode\Src\MySQLCI\UGMyConnection.cpp(199)
2020-03-27 21:01:09 [error] 连接数据库失败，请检查连接参数, ThreadID: 2964, Timespan(ms): 0, ResourceID: ELf005, SourceCode: D:\TeamCity\buildAgent9dTrunk\work\a44d173ca6a2775c\01_SourceCode\Src\EngineMySQL\UGDataSourceMySQL.cpp(560)
2020-03-27 21:01:09 [error] 数据库连接失败，请检查数据源连接参数, ThreadID: 2964, Timespan(ms): 0, ResourceID: ELf002, SourceCode: D:\TeamCity\buildAgent9dTrunk\work\a44d173ca6a2775c\01_SourceCode\Src\EngineMySQL\UGDataSourceMySQL.cpp(209)
0-03-27 20:56:09 [error] Failed Connect User=root,Password=woshizl9501,strDB=cpt,port=3306,socket=,Option=0., ThreadID: 9132, Timespan(ms): 9093, ResourceID: ELj004, SourceCode: D:\TeamCity\buildAgent9dTrunk\work\a44d173ca6a2775c\01_SourceCode\Src\MySQLCI\UGMyConnection.cpp(199)
2020-03-27 20:56:09 [error] 连接数据库失败，请检查连接参数, ThreadID: 9132, Timespan(ms): 0, ResourceID: ELf005, SourceCode: D:\TeamCity\buildAgent9dTrunk\work\a44d173ca6a2775c\01_SourceCode\Src\EngineMySQL\UGDataSourceMySQL.cpp(560)
2020-03-27 20:56:09 [error] 数据库连接失败，请检查数据源连接参数, ThreadID: 9132, Timespan(ms): 0, ResourceID: ELf002, SourceCode: D:\TeamCity\buildAgent9dTrunk\work\a44d173ca6a2775c\01_SourceCode\Src\EngineMySQL\UGDataSourceMySQL.cpp(209)
0-03-27 20:56:09 [error] Failed Connect User=root,Password=woshizl9501,strDB=cpt,port=3306,socket=,Option=0., ThreadID: 9132, Timespan(ms): 9093, ResourceID: ELj004, SourceCode: D:\TeamCity\buildAgent9dTrunk\work\a44d173ca6a2775c\01_SourceCode\Src\MySQLCI\UGMyConnection.cpp(199)
2020-03-27 20:56:09 [error] 连接数据库失败，请检查连接参数, ThreadID: 9132, Timespan(ms): 0, ResourceID: ELf005, SourceCode: D:\TeamCity\buildAgent9dTrunk\work\a44d173ca6a2775c\01_SourceCode\Src\EngineMySQL\UGDataSourceMySQL.cpp(560)
2020-03-27 20:56:09 [error] 数据库连接失败，请检查数据源连接参数, ThreadID: 9132, Timespan(ms): 0, ResourceID: ELf002, SourceCode: D:\TeamCity\buildAgent9dTrunk\work\a44d173ca6a2775c\01_SourceCode\Src\EngineMySQL\UGDataSourceMySQL.cpp(209)
2020-03-27 20:57:05 [error] Failed Connect User=root,Password=woshizl9501,strDB=cpt,port=3306,socket=,Option=0., ThreadID: 16468, Timespan(ms): 6390, ResourceID: ELj004, SourceCode: D:\TeamCity\buildAgent9dTrunk\work\a44d173ca6a2775c\01_SourceCode\Src\MySQLCI\UGMyConnection.cpp(199)
2020-03-27 20:57:05 [error] 连接数据库失败，请检查连接参数, ThreadID: 16468, Timespan(ms): 0, ResourceID: ELf005, SourceCode: D:\TeamCity\buildAgent9dTrunk\work\a44d173ca6a2775c\01_SourceCode\Src\EngineMySQL\UGDataSourceMySQL.cpp(560)
2020-03-27 20:57:05 [error] 数据库连接失败，请检查数据源连接参数, ThreadID: 16468, Timespan(ms): 0, ResourceID: ELf002, SourceCode: D:\TeamCity\buildAgent9dTrunk\work\a44d173ca6a2775c\01_SourceCode\Src\EngineMySQL\UGDataSourceMySQL.cpp(209)
0-03-27 20:56:09 [error] Failed Connect User=root,Password=woshizl9501,strDB=cpt,port=3306,socket=,Option=0., ThreadID: 9132, Timespan(ms): 9093, ResourceID: ELj004, SourceCode: D:\TeamCity\buildAgent9dTrunk\work\a44d173ca6a2775c\01_SourceCode\Src\MySQLCI\UGMyConnection.cpp(199)
2020-03-27 20:56:09 [error] 连接数据库失败，请检查连接参数, ThreadID: 9132, Timespan(ms): 0, ResourceID: ELf005, SourceCode: D:\TeamCity\buildAgent9dTrunk\work\a44d173ca6a2775c\01_SourceCode\Src\EngineMySQL\UGDataSourceMySQL.cpp(560)
2020-03-27 202020-03-27 21:02:22 [error] Failed Connect User=root,Password=woshizl9501,strDB=cpt,port=3306,socket=,Option=0.Access denied for user 'root'@'PC-201804070015' (using password: YES), ThreadID: 9052, Timespan(ms): 13125, ResourceID: ELj004, SourceCode: D:\TeamCity\buildAgent9dTrunk\work\a44d173ca6a2775c\01_SourceCode\Src\MySQLCI\UGMyConnection.cpp(199)
2020-03-27 21:02:22 [error] 连接数据库失败，请检查连接参数, ThreadID: 9052, Timespan(ms): 0, ResourceID: ELf005, SourceCode: D:\TeamCity\buildAgent9dTrunk\work\a44d173ca6a2775c\01_SourceCode\Src\EngineMySQL\UGDataSourceMySQL.cpp(560)
2020-03-27 21:02:22 [error] 数据库连接失败，请检查数据源连接参数, ThreadID: 9052, Timespan(ms): 0, ResourceID: ELf002, SourceCode: D:\TeamCity\buildAgent9dTrunk\work\a44d173ca6a2775c\01_SourceCode\Src\EngineMySQL\UGDataSourceMySQL.cpp(209)
2020-03-27 21:02:41 [error] Failed Connect User=root,Password=woshizl9501,strDB=cpt,port=3306,socket=,Option=0., ThreadID: 9796, Timespan(ms): 3609, ResourceID: ELj004, SourceCode: D:\TeamCity\buildAgent9dTrunk\work\a44d173ca6a2775c\01_SourceCode\Src\MySQLCI\UGMyConnection.cpp(199)
2020-03-27 21:02:41 [error] 连接数据库失败，请检查连接参数, ThreadID: 9796, Timespan(ms): 0, ResourceID: ELf005, SourceCode: D:\TeamCity\buildAgent9dTrunk\work\a44d173ca6a2775c\01_SourceCode\Src\EngineMySQL\UGDataSourceMySQL.cpp(560)
2020-03-27 21:02:41 [error] 数据库连接失败，请检查数据源连接参数, ThreadID: 9796, Timespan(ms): 0, ResourceID: ELf002, SourceCode: D:\TeamCity\buildAgent9dTrunk\work\a44d173ca6a2775c\01_SourceCode\Src\EngineMySQL\UGDataSourceMySQL.cpp(209)
2020-03-27 21:04:28 [error] Failed Connect User=root,Password=woshizl9501,strDB=cpt,port=3306,socket=,Option=0., ThreadID: 17340, Timespan(ms): 2829, ResourceID: ELj004, SourceCode: D:\TeamCity\buildAgent9dTrunk\work\a44d173ca6a2775c\01_SourceCode\Src\MySQLCI\UGMyConnection.cpp(199)
2020-03-27 21:04:28 [error] 连接数据库失败，请检查连接参数, ThreadID: 17340, Timespan(ms): 0, ResourceID: ELf005, SourceCode: D:\TeamCity\buildAgent9dTrunk\work\a44d173ca6a2775c\01_SourceCode\Src\EngineMySQL\UGDataSourceMySQL.cpp(560)
2020-03-27 21:04:28 [error] 数据库连接失败，请检查数据源连接参数, ThreadID: 17340, Timespan(ms): 0, ResourceID: ELf002, SourceCode: D:\TeamCity\buildAgent9dTrunk\work\a44d173ca6a2775c\01_SourceCode\Src\EngineMySQL\UGDataSourceMySQL.cpp(209)
2020-03-27 21:04:45 [error] Failed Connect User=root,Password=woshizl9501,strDB=cpt,port=3306,socket=,Option=0., ThreadID: 588, Timespan(ms): 2547, ResourceID: ELj004, SourceCode: D:\TeamCity\buildAgent9dTrunk\work\a44d173ca6a2775c\01_SourceCode\Src\MySQLCI\UGMyConnection.cpp(199)
2020-03-27 21:04:45 [error] 连接数据库失败，请检查连接参数, ThreadID: 588, Timespan(ms): 0, ResourceID: ELf005, SourceCode: D:\TeamCity\buildAgent9dTrunk\work\a44d173ca6a2775c\01_SourceCode\Src\EngineMySQL\UGDataSourceMySQL.cpp(560)
2020-03-27 21:04:45 [error] 数据库连接失败，请检查数据源连接参数, ThreadID: 588, Timespan(ms): 0, ResourceID: ELf002, SourceCode: D:\TeamCity\buildAgent9dTrunk\work\a44d173ca6a2775c\01_SourceCode\Src\EngineMySQL\UGDataSourceMySQL.cpp(209)
2020-03-27 21:56:02 [error] Failed Connect User=lu,Password=woshizl9501,strDB=cpt,port=3306,socket=,Option=0., ThreadID: 16552, Timespan(ms): 4094, ResourceID: ELj004, SourceCode: D:\TeamCity\buildAgent9dTrunk\work\a44d173ca6a2775c\01_SourceCode\Src\MySQLCI\UGMyConnection.cpp(199)
2020-03-27 21:56:02 [error] 连接数据库失败，请检查连接参数, ThreadID: 16552, Timespan(ms): 0, ResourceID: ELf005, SourceCode: D:\TeamCity\buildAgent9dTrunk\work\a44d173ca6a2775c\01_SourceCode\Src\EngineMySQL\UGDataSourceMySQL.cpp(560)
2020-03-27 21:56:02 [error] 数据库连接失败，请检查数据源连接参数, ThreadID: 16552, Timespan(ms): 0, ResourceID: ELf002, SourceCode: D:\TeamCity\buildAgent9dTrunk\work\a44d173ca6a2775c\01_SourceCode\Src\EngineMySQL\UGDataSourceMySQL.cpp(209)
2020-03-27 21:57:29 [error] Failed Connect User=lu,Password=woshizl9501,strDB=cpt,port=3306,socket=,Option=0., ThreadID: 21332, Timespan(ms): 3000, ResourceID: ELj004, SourceCode: D:\TeamCity\buildAgent9dTrunk\work\a44d173ca6a2775c\01_SourceCode\Src\MySQLCI\UGMyConnection.cpp(199)
2020-03-27 21:57:29 [error] 连接数据库失败，请检查连接参数, ThreadID: 21332, Timespan(ms): 0, ResourceID: ELf005, SourceCode: D:\TeamCity\buildAgent9dTrunk\work\a44d173ca6a2775c\01_SourceCode\Src\EngineMySQL\UGDataSourceMySQL.cpp(560)
2020-03-27 21:57:29 [error] 数据库连接失败，请检查数据源连接参数, ThreadID: 21332, Timespan(ms): 0, ResourceID: ELf002, SourceCode: D:\TeamCity\buildAgent9dTrunk\work\a44d173ca6a2775c\01_SourceCode\Src\EngineMySQL\UGDataSourceMySQL.cpp(209)
